0 info it worked if it ends with ok
1 verbose cli [ '/usr/local/bin/node', '/usr/local/bin/npm', 'run', 'start' ]
2 info using npm@4.0.5
3 info using node@v7.4.0
4 verbose run-script [ 'prestart', 'start', 'poststart' ]
5 info lifecycle koa-http2@1.0.0~prestart: koa-http2@1.0.0
6 silly lifecycle koa-http2@1.0.0~prestart: no script for prestart, continuing
7 info lifecycle koa-http2@1.0.0~start: koa-http2@1.0.0
8 verbose lifecycle koa-http2@1.0.0~start: unsafe-perm in lifecycle true
9 verbose lifecycle koa-http2@1.0.0~start: PATH: /usr/local/lib/node_modules/npm/bin/node-gyp-bin:/Users/kristoferforsell/Sites/Experiments/Koa/koa-http2/node_modules/.bin:/usr/local/bin:/usr/local/bin:/usr/bin:/bin:/usr/sbin:/sbin
10 verbose lifecycle koa-http2@1.0.0~start: CWD: /Users/kristoferforsell/Sites/Experiments/Koa/koa-http2
11 silly lifecycle koa-http2@1.0.0~start: Args: [ '-c', 'node --harmony index.js' ]
12 silly lifecycle koa-http2@1.0.0~start: Returned: code: 1  signal: null
13 info lifecycle koa-http2@1.0.0~start: Failed to exec start script
14 verbose stack Error: koa-http2@1.0.0 start: `node --harmony index.js`
14 verbose stack Exit status 1
14 verbose stack     at EventEmitter.<anonymous> (/usr/local/lib/node_modules/npm/lib/utils/lifecycle.js:279:16)
14 verbose stack     at emitTwo (events.js:106:13)
14 verbose stack     at EventEmitter.emit (events.js:191:7)
14 verbose stack     at ChildProcess.<anonymous> (/usr/local/lib/node_modules/npm/lib/utils/spawn.js:40:14)
14 verbose stack     at emitTwo (events.js:106:13)
14 verbose stack     at ChildProcess.emit (events.js:191:7)
14 verbose stack     at maybeClose (internal/child_process.js:885:16)
14 verbose stack     at Process.ChildProcess._handle.onexit (internal/child_process.js:226:5)
15 verbose pkgid koa-http2@1.0.0
16 verbose cwd /Users/kristoferforsell/Sites/Experiments/Koa/koa-http2
17 error Darwin 16.3.0
18 error argv "/usr/local/bin/node" "/usr/local/bin/npm" "run" "start"
19 error node v7.4.0
20 error npm  v4.0.5
21 error code ELIFECYCLE
22 error koa-http2@1.0.0 start: `node --harmony index.js`
22 error Exit status 1
23 error Failed at the koa-http2@1.0.0 start script 'node --harmony index.js'.
23 error Make sure you have the latest version of node.js and npm installed.
23 error If you do, this is most likely a problem with the koa-http2 package,
23 error not with npm itself.
23 error Tell the author that this fails on your system:
23 error     node --harmony index.js
23 error You can get information on how to open an issue for this project with:
23 error     npm bugs koa-http2
23 error Or if that isn't available, you can get their info via:
23 error     npm owner ls koa-http2
23 error There is likely additional logging output above.
24 verbose exit [ 1, true ]
